<?xml version="1.0" encoding="UTF-8"?>
<testng-results ignored="0" total="1" passed="1" failed="0" skipped="0">
  <reporter-output>
  </reporter-output>
  <suite started-at="2021-04-20T14:52:40 ART" name="tests.Tests" finished-at="2021-04-20T14:54:09 ART" duration-ms="89349">
    <groups>
    </groups>
    <test started-at="2021-04-20T14:52:40 ART" name="Command line test" finished-at="2021-04-20T14:54:09 ART" duration-ms="89349">
      <class name="tests.Tests">
        <test-method is-config="true" signature="setUp()[pri:0, instance:tests.Tests@71809907]" started-at="2021-04-20T14:52:40 ART" name="setUp" finished-at="2021-04-20T14:53:05 ART" duration-ms="24610" status="PASS">
          <reporter-output>
          </reporter-output>
        </test-method> <!-- setUp -->
        <test-method signature="primerTest()[pri:0, instance:tests.Tests@71809907]" started-at="2021-04-20T14:53:05 ART" name="primerTest" finished-at="2021-04-20T14:54:09 ART" duration-ms="63965" status="PASS">
          <reporter-output>
          </reporter-output>
        </test-method> <!-- primerTest -->
        <test-method is-config="true" signature="tearDown()[pri:0, instance:tests.Tests@71809907]" started-at="2021-04-20T14:54:09 ART" name="tearDown" finished-at="2021-04-20T14:54:09 ART" duration-ms="636" status="PASS">
          <reporter-output>
          </reporter-output>
        </test-method> <!-- tearDown -->
      </class> <!-- tests.Tests -->
    </test> <!-- Command line test -->
  </suite> <!-- tests.Tests -->
</testng-results>
